[09Dez.2025 13:21:28.880] [main/INFO] [cpw.mods.modlauncher.Launcher/MODLAUNCHER]: ModLauncher running: args [--launchTarget, forgeclientdev, --version, 21.1.216, --assetIndex, 17, --assetsDir, C:\\Users\\marco\\.gradle\\caches\\neoformruntime\\assets, --gameDir, ., --fml.fmlVersion, 4.0.42, --fml.mcVersion, 1.21.1, --fml.neoForgeVersion, 21.1.216, --fml.neoFormVersion, 20240808.144430]
[09Dez.2025 13:21:28.882] [main/INFO] [cpw.mods.modlauncher.Launcher/MODLAUNCHER]: JVM identified as Eclipse Adoptium OpenJDK 64-Bit Server VM 21.0.9+10-LTS
[09Dez.2025 13:21:28.883] [main/INFO] [cpw.mods.modlauncher.Launcher/MODLAUNCHER]: ModLauncher 11.0.5+main.901c6ea8 starting: java version 21.0.9 by Eclipse Adoptium; OS Windows 10 arch amd64 version 10.0
[09Dez.2025 13:21:28.994] [main/INFO] [net.neoforged.fml.loading.ImmediateWindowHandler/]: Loading ImmediateWindowProvider fmlearlywindow
[09Dez.2025 13:21:29.078] [main/INFO] [EARLYDISPLAY/]: Trying GL version 4.6
[09Dez.2025 13:21:29.211] [main/INFO] [EARLYDISPLAY/]: Requested GL version 4.6 got version 4.6
[09Dez.2025 13:21:29.276] [main/INFO] [mixin/]: SpongePowered MIXIN Subsystem Version=0.8.7 Source=union:/C:/Users/marco/.gradle/caches/modules-2/files-2.1/net.fabricmc/sponge-mixin/0.15.2+mixin.0.8.7/2af2f021d8e02a0220dc27a7a72b4666d66d44ca/sponge-mixin-0.15.2+mixin.0.8.7.jar%23138!/ Service=ModLauncher Env=CLIENT
[09Dez.2025 13:21:29.475] [pool-2-thread-1/INFO] [EARLYDISPLAY/]: GL info: NVIDIA GeForce RTX 4070 SUPER/PCIe/SSE2 GL version 4.6.0 NVIDIA 576.52, NVIDIA Corporation
[09Dez.2025 13:21:29.632] [main/INFO] [net.neoforged.fml.loading.moddiscovery.locators.JarInJarDependencyLocator/]: Found 2 dependencies adding them to mods collection
[09Dez.2025 13:21:29.634] [main/INFO] [net.neoforged.fml.loading.moddiscovery.ModDiscoverer/]: 
     Mod List:
		Name Version (Mod Id)

		All The Colonists 1.0.0 (allthecolonists)
		Applied Energistics 2 19.2.17 (ae2)
		Domum Ornamentum 1.0.223-snapshot (domum_ornamentum)
		GuideME 21.1.15 (guideme)
		Just Enough Items 19.21.2.313 (jei)
		Mekanism 10.7.17 (mekanism)
		Mekanism: Generators 10.7.17 (mekanismgenerators)
		Mekanism: Tools 10.7.17 (mekanismtools)
		MineColonies 1.1.1223-1.21.1-snapshot (minecolonies)
		Minecraft 1.21.1 (minecraft)
		NeoForge 21.1.216 (neoforge)
		Structurize 1.0.796-1.21.1-snapshot (structurize)
		UI Library Mod 1.0.206-1.21.1-snapshot (blockui)
[09Dez.2025 13:21:30.435] [main/INFO] [cpw.mods.modlauncher.LaunchServiceHandler/MODLAUNCHER]: Launching target 'forgeclientdev' with arguments [--version, 21.1.216, --gameDir, ., --assetsDir, C:\Users\marco\.gradle\caches\neoformruntime\assets, --assetIndex, 17]
[09Dez.2025 13:21:30.678] [main/INFO] [MixinExtras|Service/]: Initializing MixinExtras via com.llamalad7.mixinextras.service.MixinExtrasServiceImpl(version=0.5.0).
[09Dez.2025 13:21:31.626] [Datafixer Bootstrap/INFO] [com.mojang.datafixers.DataFixerBuilder/]: 229 Datafixer optimizations took 268 milliseconds
[09Dez.2025 13:21:35.091] [main/WARN] [net.minecraft.commands.Commands/]: Ambiguity between arguments [teleport, location] and [teleport, destination] with inputs: [0.1 -0.5 .9, 0 0 0]
[09Dez.2025 13:21:35.092] [main/WARN] [net.minecraft.commands.Commands/]: Ambiguity between arguments [teleport, location] and [teleport, targets] with inputs: [0.1 -0.5 .9, 0 0 0]
[09Dez.2025 13:21:35.093] [main/WARN] [net.minecraft.commands.Commands/]: Ambiguity between arguments [teleport, destination] and [teleport, targets] with inputs: [Player, 0123, @e, dd12be42-52a9-4a91-a8a1-11c01849e498]
[09Dez.2025 13:21:35.095] [main/WARN] [net.minecraft.commands.Commands/]: Ambiguity between arguments [teleport, targets] and [teleport, destination] with inputs: [Player, 0123, dd12be42-52a9-4a91-a8a1-11c01849e498]
[09Dez.2025 13:21:35.096] [main/WARN] [net.minecraft.commands.Commands/]: Ambiguity between arguments [teleport, targets, location] and [teleport, targets, destination] with inputs: [0.1 -0.5 .9, 0 0 0]
[09Dez.2025 13:21:35.184] [Render thread/WARN] [net.minecraft.server.packs.VanillaPackResourcesBuilder/]: Assets URL 'union:/C:/Users/marco/Documents/Modding/build/moddev/artifacts/neoforge-21.1.216.jar%23199!/assets/.mcassetsroot' uses unexpected schema
[09Dez.2025 13:21:35.184] [Render thread/WARN] [net.minecraft.server.packs.VanillaPackResourcesBuilder/]: Assets URL 'union:/C:/Users/marco/Documents/Modding/build/moddev/artifacts/neoforge-21.1.216.jar%23199!/data/.mcassetsroot' uses unexpected schema
[09Dez.2025 13:21:35.200] [Render thread/INFO] [com.mojang.authlib.yggdrasil.YggdrasilAuthenticationService/]: Environment: Environment[sessionHost=https://sessionserver.mojang.com, servicesHost=https://api.minecraftservices.com, name=PROD]
[09Dez.2025 13:21:35.207] [Render thread/INFO] [net.minecraft.client.Minecraft/]: Setting user: Dev
[09Dez.2025 13:21:35.267] [Render thread/INFO] [net.minecraft.client.Minecraft/]: Backend library: LWJGL version 3.3.3+5
[09Dez.2025 13:21:35.454] [modloading-worker-0/INFO] [net.neoforged.neoforge.common.NeoForgeMod/NEOFORGE-MOD]: NeoForge mod loading, version 21.1.216, for MC 1.21.1
[09Dez.2025 13:21:35.456] [modloading-worker-0/WARN] [AE2:C/]: Unable to find class com.simibubi.create.foundation.ponder.PonderWorld. Integration with PonderJS disabled.
[09Dez.2025 13:21:35.517] [modloading-worker-0/INFO] [mezz.jei.library.load.PluginCaller/]: Sending ConfigManager...
[09Dez.2025 13:21:35.519] [modloading-worker-0/INFO] [mezz.jei.library.load.PluginCaller/]: Sending ConfigManager took 1.685 milliseconds
[09Dez.2025 13:21:37.801] [Render thread/INFO] [net.neoforged.neoforge.gametest.GameTestHooks/]: Enabled Gametest Namespaces: [allthecolonists]
[09Dez.2025 13:21:38.156] [Render thread/INFO] [net.minecraft.server.packs.resources.ReloadableResourceManager/]: Reloading ResourceManager: vanilla, mod_resources, mod/guideme, mod/jei, mod/ae2, mod/domum_ornamentum, mod/mekanism, mod/mekanismtools, mod/mekanismgenerators, mod/allthecolonists, mod/blockui, mod/structurize, mod/minecolonies, mod/neoforge
[09Dez.2025 13:21:38.164] [Worker-Main-2/INFO] [com.crankgpt.allthecolonists.AllTheColonists/]: HELLO FROM COMMON SETUP
[09Dez.2025 13:21:38.164] [Worker-Main-2/INFO] [com.crankgpt.allthecolonists.AllTheColonists/]: DIRT BLOCK >> minecraft:dirt
[09Dez.2025 13:21:38.165] [Worker-Main-2/INFO] [com.crankgpt.allthecolonists.AllTheColonists/]: The magic number is... 42
[09Dez.2025 13:21:38.165] [Worker-Main-2/INFO] [com.crankgpt.allthecolonists.AllTheColonists/]: ITEM >> minecraft:iron_ingot
[09Dez.2025 13:21:38.166] [Worker-Main-3/INFO] [mekanism.common.Mekanism/]: Version 10.7.17 initializing...
[09Dez.2025 13:21:38.170] [Worker-Main-3/INFO] [mekanism.common.Mekanism/]: Initialized HolidayManager.
[09Dez.2025 13:21:38.180] [Worker-Main-3/INFO] [mekanism.common.Mekanism/]: Fake player readout: UUID = 46e82cd0-d480-3d48-800a-77431ede078e, name = [Mekanism]
[09Dez.2025 13:21:38.180] [Worker-Main-3/INFO] [mekanism.common.Mekanism/]: Mod loaded.
[09Dez.2025 13:21:38.180] [Worker-Main-3/INFO] [mekanism.common.Mekanism/]: Loaded 'Mekanism: Generators' module.
[09Dez.2025 13:21:38.181] [Worker-Main-3/INFO] [mekanism.common.Mekanism/]: Loaded 'Mekanism: Tools' module.
[09Dez.2025 13:21:38.206] [Worker-Main-3/INFO] [net.minecraft.client.gui.font.providers.UnihexProvider/]: Found unifont_all_no_pua-15.1.05.hex, loading
[09Dez.2025 13:21:38.326] [Worker-Main-2/WARN] [net.minecraft.client.renderer.texture.atlas.sources.SingleFile/]: Missing sprite: minecraft:textures/map/map_icons.png
[09Dez.2025 13:21:38.386] [Worker-Main-10/INFO] [net.minecraft.client.gui.font.providers.UnihexProvider/]: Found unifont_jp_patch-15.1.05.hex, loading
[09Dez.2025 13:21:38.506] [Worker-Main-4/INFO] [com.crankgpt.allthecolonists.AllTheColonists/]: HELLO FROM CLIENT SETUP
[09Dez.2025 13:21:38.506] [Worker-Main-4/INFO] [com.crankgpt.allthecolonists.AllTheColonists/]: MINECRAFT NAME >> Dev
[09Dez.2025 13:21:38.518] [Structurize IO Worker #0/INFO] [structurize/]: Registered structure pack: Jungle Treehouse
[09Dez.2025 13:21:38.518] [Structurize IO Worker #0/INFO] [structurize/]: Registered structure pack: Ancient Athens
[09Dez.2025 13:21:38.518] [Structurize IO Worker #0/INFO] [structurize/]: Registered structure pack: Cavern
[09Dez.2025 13:21:38.518] [Structurize IO Worker #0/INFO] [structurize/]: Registered structure pack: Shire
[09Dez.2025 13:21:38.519] [Structurize IO Worker #0/INFO] [structurize/]: Registered structure pack: Medieval Spruce
[09Dez.2025 13:21:38.519] [Structurize IO Worker #0/INFO] [structurize/]: Registered structure pack: Nordic Spruce
[09Dez.2025 13:21:38.520] [Structurize IO Worker #0/INFO] [structurize/]: Registered structure pack: Urban Savanna
[09Dez.2025 13:21:38.521] [Structurize IO Worker #0/INFO] [structurize/]: Registered structure pack: Space Wars
[09Dez.2025 13:21:38.521] [Structurize IO Worker #0/INFO] [structurize/]: Registered structure pack: Minecolonies Original
[09Dez.2025 13:21:38.521] [Structurize IO Worker #0/INFO] [structurize/]: Registered structure pack: Caledonia
[09Dez.2025 13:21:38.521] [Structurize IO Worker #0/INFO] [structurize/]: Registered structure pack: Medieval Birch
[09Dez.2025 13:21:38.521] [Structurize IO Worker #0/INFO] [structurize/]: Registered structure pack: Fortress
[09Dez.2025 13:21:38.521] [Structurize IO Worker #0/INFO] [structurize/]: Registered structure pack: Urban Birch
[09Dez.2025 13:21:38.521] [Structurize IO Worker #0/INFO] [structurize/]: Registered structure pack: Desert Oasis
[09Dez.2025 13:21:38.521] [Structurize IO Worker #0/INFO] [structurize/]: Registered structure pack: Colonial
[09Dez.2025 13:21:38.522] [Structurize IO Worker #0/INFO] [structurize/]: Registered structure pack: Dark Oak Treehouse
[09Dez.2025 13:21:38.522] [Structurize IO Worker #0/INFO] [structurize/]: Registered structure pack: Pagoda
[09Dez.2025 13:21:38.522] [Structurize IO Worker #0/INFO] [structurize/]: Registered structure pack: Medieval Dark Oak
[09Dez.2025 13:21:38.522] [Structurize IO Worker #0/INFO] [structurize/]: Registered structure pack: Stalactite Caves
[09Dez.2025 13:21:38.522] [Structurize IO Worker #0/INFO] [structurize/]: Registered structure pack: Warped Netherlands
[09Dez.2025 13:21:38.522] [Structurize IO Worker #0/INFO] [structurize/]: Registered structure pack: Medieval Oak
[09Dez.2025 13:21:38.522] [Structurize IO Worker #0/INFO] [structurize/]: Registered structure pack: Incan
[09Dez.2025 13:21:38.522] [Structurize IO Worker #0/INFO] [structurize/]: Registered structure pack: Lost Mesa City
[09Dez.2025 13:21:38.523] [Structurize IO Worker #0/INFO] [structurize/]: Registered structure pack: Dev
[09Dez.2025 13:21:38.523] [Structurize IO Worker #0/WARN] [structurize/]: Finished discovering Client Structure packs
[09Dez.2025 13:21:38.598] [Worker-Main-2/WARN] [net.minecraft.client.renderer.texture.SpriteLoader/]: Texture minecolonies:gui/builderhut/builder_paper with size 190x244 limits mip level from 4 to 1
[09Dez.2025 13:21:39.350] [Worker-Main-6/WARN] [net.minecraft.client.resources.model.BlockStateModelLoader/]: Exception loading blockstate definition: 'allthecolonists:blockstates/example_block.json' missing model for variant: 'allthecolonists:example_block#'
[09Dez.2025 13:21:39.357] [Worker-Main-6/WARN] [net.minecraft.client.resources.model.ModelBakery/]: Unable to load model: 'allthecolonists:item/example_block' referenced from: allthecolonists:item/example_block: java.io.FileNotFoundException: allthecolonists:models/item/example_block.json
[09Dez.2025 13:21:39.357] [Worker-Main-6/WARN] [net.minecraft.client.resources.model.ModelBakery/]: Unable to load model: 'allthecolonists:item/example_item' referenced from: allthecolonists:item/example_item: java.io.FileNotFoundException: allthecolonists:models/item/example_item.json
[09Dez.2025 13:21:40.498] [Worker-Main-6/WARN] [net.minecraft.client.resources.model.ModelManager/]: Missing textures in model minecolonies:blockhutcombatacademy#facing=west:
    minecraft:textures/atlas/blocks.png:minecraft:map/map_icons
[09Dez.2025 13:21:40.498] [Worker-Main-6/WARN] [net.minecraft.client.resources.model.ModelManager/]: Missing textures in model minecolonies:blockhutbeekeeper#facing=east:
    minecraft:textures/atlas/blocks.png:minecraft:map/map_icons
[09Dez.2025 13:21:40.498] [Worker-Main-6/WARN] [net.minecraft.client.resources.model.ModelManager/]: Missing textures in model minecolonies:blockhutdyer#facing=south:
    minecraft:textures/atlas/blocks.png:minecraft:map/map_icons
[09Dez.2025 13:21:40.498] [Worker-Main-6/WARN] [net.minecraft.client.resources.model.ModelManager/]: Missing textures in model minecolonies:blockhutfletcher#facing=west:
    minecraft:textures/atlas/blocks.png:minecraft:map/map_icons
[09Dez.2025 13:21:40.498] [Worker-Main-6/WARN] [net.minecraft.client.resources.model.ModelManager/]: Missing textures in model minecolonies:blockhutfletcher#inventory:
    minecraft:textures/atlas/blocks.png:minecraft:map/map_icons
[09Dez.2025 13:21:40.498] [Worker-Main-6/WARN] [net.minecraft.client.resources.model.ModelManager/]: Missing textures in model minecolonies:blockhutdyer#facing=north:
    minecraft:textures/atlas/blocks.png:minecraft:map/map_icons
[09Dez.2025 13:21:40.498] [Worker-Main-6/WARN] [net.minecraft.client.resources.model.ModelManager/]: Missing textures in model minecolonies:blockhutuniversity#facing=north:
    minecraft:textures/atlas/blocks.png:minecraft:map/map_icons
[09Dez.2025 13:21:40.498] [Worker-Main-6/WARN] [net.minecraft.client.resources.model.ModelManager/]: Missing textures in model minecolonies:blockhutbeekeeper#facing=north:
    minecraft:textures/atlas/blocks.png:minecraft:map/map_icons
[09Dez.2025 13:21:40.498] [Worker-Main-6/WARN] [net.minecraft.client.resources.model.ModelManager/]: Missing textures in model minecolonies:blockhutuniversity#facing=east:
    minecraft:textures/atlas/blocks.png:minecraft:map/map_icons
[09Dez.2025 13:21:40.498] [Worker-Main-6/WARN] [net.minecraft.client.resources.model.ModelManager/]: Missing textures in model minecolonies:blockhutcombatacademy#inventory:
    minecraft:textures/atlas/blocks.png:minecraft:map/map_icons
[09Dez.2025 13:21:40.498] [Worker-Main-6/WARN] [net.minecraft.client.resources.model.ModelManager/]: Missing textures in model minecolonies:blockhutcombatacademy#facing=south:
    minecraft:textures/atlas/blocks.png:minecraft:map/map_icons
[09Dez.2025 13:21:40.498] [Worker-Main-6/WARN] [net.minecraft.client.resources.model.ModelManager/]: Missing textures in model minecolonies:blockhutdyer#facing=west:
    minecraft:textures/atlas/blocks.png:minecraft:map/map_icons
[09Dez.2025 13:21:40.499] [Worker-Main-6/WARN] [net.minecraft.client.resources.model.ModelManager/]: Missing textures in model minecolonies:blockhutdyer#facing=east:
    minecraft:textures/atlas/blocks.png:minecraft:map/map_icons
[09Dez.2025 13:21:40.499] [Worker-Main-6/WARN] [net.minecraft.client.resources.model.ModelManager/]: Missing textures in model minecolonies:blockhutbeekeeper#facing=west:
    minecraft:textures/atlas/blocks.png:minecraft:map/map_icons
[09Dez.2025 13:21:40.499] [Worker-Main-6/WARN] [net.minecraft.client.resources.model.ModelManager/]: Missing textures in model minecolonies:blockhutuniversity#facing=south:
    minecraft:textures/atlas/blocks.png:minecraft:map/map_icons
[09Dez.2025 13:21:40.499] [Worker-Main-6/WARN] [net.minecraft.client.resources.model.ModelManager/]: Missing textures in model minecolonies:blockhutuniversity#facing=west:
    minecraft:textures/atlas/blocks.png:minecraft:map/map_icons
[09Dez.2025 13:21:40.499] [Worker-Main-6/WARN] [net.minecraft.client.resources.model.ModelManager/]: Missing textures in model minecolonies:blockhutuniversity#inventory:
    minecraft:textures/atlas/blocks.png:minecraft:map/map_icons
[09Dez.2025 13:21:40.499] [Worker-Main-6/WARN] [net.minecraft.client.resources.model.ModelManager/]: Missing textures in model minecolonies:blockhutfletcher#facing=south:
    minecraft:textures/atlas/blocks.png:minecraft:map/map_icons
[09Dez.2025 13:21:40.499] [Worker-Main-6/WARN] [net.minecraft.client.resources.model.ModelManager/]: Missing textures in model minecolonies:blockhutbeekeeper#inventory:
    minecraft:textures/atlas/blocks.png:minecraft:map/map_icons
[09Dez.2025 13:21:40.499] [Worker-Main-6/WARN] [net.minecraft.client.resources.model.ModelManager/]: Missing textures in model minecolonies:blockhutdyer#inventory:
    minecraft:textures/atlas/blocks.png:minecraft:map/map_icons
[09Dez.2025 13:21:40.499] [Worker-Main-6/WARN] [net.minecraft.client.resources.model.ModelManager/]: Missing textures in model minecolonies:blockhutcombatacademy#facing=north:
    minecraft:textures/atlas/blocks.png:minecraft:map/map_icons
[09Dez.2025 13:21:40.499] [Worker-Main-6/WARN] [net.minecraft.client.resources.model.ModelManager/]: Missing textures in model minecolonies:blockhutfletcher#facing=east:
    minecraft:textures/atlas/blocks.png:minecraft:map/map_icons
[09Dez.2025 13:21:40.499] [Worker-Main-6/WARN] [net.minecraft.client.resources.model.ModelManager/]: Missing textures in model minecolonies:blockhutfletcher#facing=north:
    minecraft:textures/atlas/blocks.png:minecraft:map/map_icons
[09Dez.2025 13:21:40.499] [Worker-Main-6/WARN] [net.minecraft.client.resources.model.ModelManager/]: Missing textures in model minecolonies:blockhutcombatacademy#facing=east:
    minecraft:textures/atlas/blocks.png:minecraft:map/map_icons
[09Dez.2025 13:21:40.499] [Worker-Main-6/WARN] [net.minecraft.client.resources.model.ModelManager/]: Missing textures in model minecolonies:blockhutbeekeeper#facing=south:
    minecraft:textures/atlas/blocks.png:minecraft:map/map_icons
[09Dez.2025 13:21:40.584] [Worker-Main-9/WARN] [minecolonies/]: Register mappings
[09Dez.2025 13:21:40.782] [Render thread/WARN] [net.minecraft.client.sounds.SoundEngine/]: Missing sound for event: minecraft:item.goat_horn.play
[09Dez.2025 13:21:40.783] [Render thread/WARN] [net.minecraft.client.sounds.SoundEngine/]: Missing sound for event: minecraft:entity.goat.screaming.horn_break
[09Dez.2025 13:21:40.815] [Render thread/INFO] [com.mojang.blaze3d.audio.Library/]: OpenAL initialized on device OpenAL Soft on Lautsprecher (3- Logitech PRO X Wireless Gaming Headset)
[09Dez.2025 13:21:40.816] [Render thread/INFO] [net.minecraft.client.sounds.SoundEngine/SOUNDS]: Sound engine started
[09Dez.2025 13:21:40.899] [Render thread/INFO] [net.minecraft.client.renderer.texture.TextureAtlas/]: Created: 2048x2048x4 minecraft:textures/atlas/blocks.png-atlas
[09Dez.2025 13:21:40.917] [Render thread/INFO] [net.minecraft.client.renderer.texture.TextureAtlas/]: Created: 256x256x4 minecraft:textures/atlas/signs.png-atlas
[09Dez.2025 13:21:40.917] [Render thread/INFO] [net.minecraft.client.renderer.texture.TextureAtlas/]: Created: 1024x512x4 minecraft:textures/atlas/banner_patterns.png-atlas
[09Dez.2025 13:21:40.918] [Render thread/INFO] [net.minecraft.client.renderer.texture.TextureAtlas/]: Created: 2048x1024x4 minecraft:textures/atlas/shield_patterns.png-atlas
[09Dez.2025 13:21:40.919] [Render thread/INFO] [net.minecraft.client.renderer.texture.TextureAtlas/]: Created: 1024x1024x4 minecraft:textures/atlas/armor_trims.png-atlas
[09Dez.2025 13:21:40.921] [Render thread/INFO] [net.minecraft.client.renderer.texture.TextureAtlas/]: Created: 128x64x4 minecraft:textures/atlas/decorated_pot.png-atlas
[09Dez.2025 13:21:40.921] [Render thread/INFO] [net.minecraft.client.renderer.texture.TextureAtlas/]: Created: 256x256x4 minecraft:textures/atlas/chest.png-atlas
[09Dez.2025 13:21:40.921] [Render thread/INFO] [net.minecraft.client.renderer.texture.TextureAtlas/]: Created: 512x256x4 minecraft:textures/atlas/shulker_boxes.png-atlas
[09Dez.2025 13:21:40.921] [Render thread/INFO] [net.minecraft.client.renderer.texture.TextureAtlas/]: Created: 512x256x4 minecraft:textures/atlas/beds.png-atlas
[09Dez.2025 13:21:41.016] [Render thread/INFO] [net.minecraft.client.renderer.texture.TextureAtlas/]: Created: 512x256x0 minecraft:textures/atlas/particles.png-atlas
[09Dez.2025 13:21:41.017] [Render thread/INFO] [net.minecraft.client.renderer.texture.TextureAtlas/]: Created: 512x256x0 minecraft:textures/atlas/paintings.png-atlas
[09Dez.2025 13:21:41.018] [Render thread/INFO] [net.minecraft.client.renderer.texture.TextureAtlas/]: Created: 256x128x0 minecraft:textures/atlas/mob_effects.png-atlas
[09Dez.2025 13:21:41.018] [Render thread/INFO] [net.minecraft.client.renderer.texture.TextureAtlas/]: Created: 64x64x0 minecraft:textures/atlas/map_decorations.png-atlas
[09Dez.2025 13:21:41.018] [Render thread/INFO] [net.minecraft.client.renderer.texture.TextureAtlas/]: Created: 1024x512x0 minecraft:textures/atlas/gui.png-atlas
[09Dez.2025 13:21:41.033] [Render thread/WARN] [net.minecraft.client.renderer.ShaderInstance/]: Shader rendertype_entity_translucent_emissive could not find sampler named Sampler2 in the specified shader program.
[09Dez.2025 13:21:41.066] [Render thread/INFO] [guideme.internal.GuideReloadListener/]: Data driven guides: []
[09Dez.2025 13:21:41.072] [Render thread/INFO] [net.minecraft.client.renderer.texture.TextureAtlas/]: Created: 256x256x0 jei:textures/atlas/gui.png-atlas
[09Dez.2025 13:21:41.072] [Render thread/INFO] [net.minecraft.client.renderer.texture.TextureAtlas/]: Created: 512x256x0 mekanism:textures/atlas/robit.png-atlas
[09Dez.2025 13:21:41.074] [Render thread/INFO] [net.minecraft.client.renderer.texture.TextureAtlas/]: Created: 256x128x0 blockui:textures/atlas/blockui_gui.png-atlas
[09Dez.2025 13:21:41.074] [Render thread/INFO] [net.minecraft.client.renderer.texture.TextureAtlas/]: Created: 128x128x0 minecolonies:textures/atlas/minecolonies_gui.png-atlas
[09Dez.2025 13:21:41.076] [Render thread/INFO] [net.neoforged.neoforge.client.entity.animation.json.AnimationLoader/]: Loaded 0 entity animations
[09Dez.2025 13:21:47.559] [Worker-Main-2/INFO] [AE2:C/]: Scanning class appeng.server.testplots.AutoCraftingTestPlots for plots
[09Dez.2025 13:21:47.560] [Worker-Main-2/INFO] [AE2:C/]: Scanning class appeng.server.testplots.SpawnExtraGridTestTools for plots
[09Dez.2025 13:21:47.561] [Worker-Main-2/INFO] [AE2:C/]: Scanning class appeng.server.testplots.PatternProviderPlots for plots
[09Dez.2025 13:21:47.561] [Worker-Main-2/INFO] [AE2:C/]: Scanning class appeng.server.testplots.CrystalResonanceGeneratorTestPlots for plots
[09Dez.2025 13:21:47.561] [Worker-Main-2/INFO] [AE2:C/]: Scanning class appeng.server.testplots.InterfaceTestPlots for plots
[09Dez.2025 13:21:47.561] [Worker-Main-2/INFO] [AE2:C/]: Scanning class appeng.server.testplots.PatternProviderLockModePlots for plots
[09Dez.2025 13:21:47.561] [Worker-Main-2/INFO] [AE2:C/]: Scanning class appeng.server.testplots.ItemP2PTestPlots for plots
[09Dez.2025 13:21:47.561] [Worker-Main-2/INFO] [AE2:C/]: Scanning class appeng.server.testplots.InvalidPatternTestPlot for plots
[09Dez.2025 13:21:47.561] [Worker-Main-2/INFO] [AE2:C/]: Scanning class appeng.server.testplots.MemoryCardTestPlots for plots
[09Dez.2025 13:21:47.561] [Worker-Main-2/INFO] [AE2:C/]: Scanning class appeng.server.testplots.AnnihilationPlaneTests for plots
[09Dez.2025 13:21:47.561] [Worker-Main-2/INFO] [AE2:C/]: Scanning class appeng.server.testplots.InscriberTestPlots for plots
[09Dez.2025 13:21:47.565] [Worker-Main-2/INFO] [AE2:C/]: Scanning class appeng.server.testplots.GuidebookPlot for plots
[09Dez.2025 13:21:47.565] [Worker-Main-2/INFO] [AE2:C/]: Scanning class appeng.server.testplots.SubnetPlots for plots
[09Dez.2025 13:21:47.565] [Worker-Main-2/INFO] [AE2:C/]: Scanning class appeng.server.testplots.P2PTestPlots for plots
[09Dez.2025 13:21:47.565] [Worker-Main-2/INFO] [AE2:C/]: Scanning class appeng.server.testplots.QnbTestPlots for plots
[09Dez.2025 13:21:47.565] [Worker-Main-2/INFO] [AE2:C/]: Scanning class appeng.server.testplots.ExternalEnergyTestPlots for plots
[09Dez.2025 13:21:47.565] [Worker-Main-2/INFO] [AE2:C/]: Scanning class appeng.server.testplots.ChannelTests for plots
[09Dez.2025 13:21:47.565] [Worker-Main-2/INFO] [AE2:C/]: Scanning class appeng.server.testplots.TestPlots for plots
[09Dez.2025 13:21:47.566] [Worker-Main-2/INFO] [AE2:C/]: Scanning class appeng.server.testplots.SpatialTestPlots for plots
[09Dez.2025 13:21:47.861] [Render thread/INFO] [net.minecraft.world.item.crafting.RecipeManager/]: Loaded 3839 recipes
[09Dez.2025 13:21:48.015] [Render thread/INFO] [net.minecraft.advancements.AdvancementTree/]: Loaded 2184 advancements
[09Dez.2025 13:21:48.018] [Render thread/INFO] [minecolonies/]: Beginning load of custom recipes for colony workers
[09Dez.2025 13:21:48.027] [Render thread/INFO] [minecolonies/]: Loaded 161 recipes for 16 crafters
[09Dez.2025 13:21:48.028] [Render thread/INFO] [minecolonies/]: Research loading...
[09Dez.2025 13:21:48.034] [Render thread/INFO] [minecolonies/]: Research loaded. Located 4 branches, 206 researches and 101 effects.
[09Dez.2025 13:21:48.035] [Render thread/INFO] [minecolonies/]: Loading quests from data
[09Dez.2025 13:21:48.040] [Render thread/INFO] [minecolonies/]: Finished loading quests from data
[09Dez.2025 13:21:48.042] [Render thread/WARN] [minecolonies/]: Read 1633 items with their nbt keys for compatibility.
[09Dez.2025 13:21:48.042] [Render thread/INFO] [minecolonies/]: [Study items Loader]: Starting reload...
[09Dez.2025 13:21:48.043] [Render thread/INFO] [minecolonies/]: [Study items Loader]: Finished reloading. 2 entries created.
[09Dez.2025 13:21:48.525] [Server thread/INFO] [net.minecraft.client.server.IntegratedServer/]: Starting integrated minecraft server version 1.21.1
[09Dez.2025 13:21:48.526] [Server thread/INFO] [net.minecraft.server.MinecraftServer/]: Generating keypair
[09Dez.2025 13:21:49.306] [Server thread/INFO] [net.minecraft.server.MinecraftServer/]: Preparing start region for dimension minecraft:overworld
[09Dez.2025 13:21:49.462] [progressListener/INFO] [net.minecraft.server.level.progress.LoggerChunkProgressListener/]: Preparing spawn area: 0%
[09Dez.2025 13:21:49.514] [Server thread/INFO] [net.neoforged.neoforge.server.permission.PermissionAPI/]: Successfully initialized permission handler neoforge:default_handler
[09Dez.2025 13:21:49.514] [Server thread/INFO] [com.crankgpt.allthecolonists.AllTheColonists/]: HELLO from server starting
[09Dez.2025 13:21:49.519] [progressListener/INFO] [net.minecraft.server.level.progress.LoggerChunkProgressListener/]: Time elapsed: 202 ms
[09Dez.2025 13:21:49.564] [Server thread/WARN] [minecolonies/]: Starting Compat Discovery
[09Dez.2025 13:21:49.680] [Server thread/INFO] [minecolonies/]: Finished discovering Ores 29 30
[09Dez.2025 13:21:49.680] [Server thread/INFO] [minecolonies/]: Finished discovering saplings 14
[09Dez.2025 13:21:49.680] [Server thread/INFO] [minecolonies/]: Finished discovering plantables 19
[09Dez.2025 13:21:49.680] [Server thread/INFO] [minecolonies/]: Finished discovering food 108 122
[09Dez.2025 13:21:49.680] [Server thread/INFO] [minecolonies/]: Finished discovering fuel 252
[09Dez.2025 13:21:49.681] [Server thread/INFO] [minecolonies/]: Finished discovering flowers 26
[09Dez.2025 13:21:49.681] [Server thread/INFO] [minecolonies/]: Finished discovering items 2829
[09Dez.2025 13:21:49.684] [Server thread/INFO] [minecolonies/]: Finished discovering compostables 234
[09Dez.2025 13:21:49.846] [Server thread/INFO] [net.minecraft.client.server.IntegratedServer/]: Changing view distance to 12, from 10
[09Dez.2025 13:21:49.846] [Server thread/INFO] [net.minecraft.client.server.IntegratedServer/]: Changing simulation distance to 12, from 0
[09Dez.2025 13:21:50.349] [Server thread/INFO] [net.minecraft.server.players.PlayerList/]: Dev[local:E:69cb96ab] logged in with entity id 43 at (47.173650661660155, 70.0, -224.88239330845067)
[09Dez.2025 13:21:50.399] [Server thread/INFO] [net.minecraft.server.MinecraftServer/]: Dev joined the game
[09Dez.2025 13:21:50.538] [Render thread/INFO] [mezz.jei.core.util.LoggedTimer/]: Starting JEI...
[09Dez.2025 13:21:50.543] [Render thread/INFO] [mezz.jei.library.load.PluginCaller/]: Registering item subtypes...
[09Dez.2025 13:21:50.547] [Render thread/INFO] [mezz.jei.library.load.PluginCaller/]: Registering item subtypes took 4.175 milliseconds
[09Dez.2025 13:21:50.548] [Render thread/INFO] [mezz.jei.library.load.PluginCaller/]: Registering fluid subtypes...
[09Dez.2025 13:21:50.549] [Render thread/INFO] [mezz.jei.library.load.PluginCaller/]: Registering fluid subtypes took 1.227 milliseconds
[09Dez.2025 13:21:50.550] [Render thread/INFO] [mezz.jei.library.load.PluginCaller/]: Registering ingredients...
[09Dez.2025 13:21:50.582] [Render thread/WARN] [mezz.jei.library.plugins.vanilla.ingredients.ItemStackListFactory/]: 20 duplicate items were found in 'Applied Energistics 2' creative tab's: displayItems
This may indicate that these types of item need a subtype interpreter added to JEI:
[MatterCannonItem[matter_cannon], ChargedStaffItem[charged_staff], WirelessCraftingTerminalItem[wireless_crafting_terminal], PortableCellItem[portable_fluid_cell_1k], PortableCellItem[portable_fluid_cell_4k], PortableCellItem[portable_fluid_cell_256k], ColorApplicatorItem[color_applicator], PortableCellItem[portable_item_cell_16k], ae2:energy_cell, EntropyManipulatorItem[entropy_manipulator], WirelessTerminalItem[wireless_terminal], ae2:dense_energy_cell, PortableCellItem[portable_item_cell_1k], PortableCellItem[portable_item_cell_64k], PortableCellItem[portable_fluid_cell_64k], AnnihilationPlanePartItem[annihilation_plane], PortableCellItem[portable_item_cell_4k], PortableCellItem[portable_item_cell_256k], PortableCellItem[portable_fluid_cell_16k]]
[09Dez.2025 13:21:50.587] [Render thread/WARN] [mezz.jei.library.plugins.vanilla.ingredients.ItemStackListFactory/]: 443 duplicate items were found in 'Applied Energistics 2 - Facades' creative tab's: displayItems
This may indicate that these types of item need a subtype interpreter added to JEI:
[FacadeItem[facade]]
[09Dez.2025 13:21:50.602] [Render thread/INFO] [mezz.jei.library.load.PluginCallerTimerRunnable/]: Registering ingredients: jei:minecraft took 51.55 milliseconds
[09Dez.2025 13:21:50.604] [Render thread/INFO] [mezz.jei.library.load.PluginCaller/]: Registering ingredients took 53.50 milliseconds
[09Dez.2025 13:21:50.604] [Render thread/INFO] [mezz.jei.library.load.PluginCaller/]: Registering extra ingredients...
[09Dez.2025 13:21:50.604] [Render thread/INFO] [mezz.jei.library.load.PluginCaller/]: Registering extra ingredients took 484.3 microseconds
[09Dez.2025 13:21:50.605] [Render thread/INFO] [mezz.jei.library.load.PluginCaller/]: Registering search ingredient aliases...
[09Dez.2025 13:21:50.616] [Render thread/INFO] [mezz.jei.library.load.PluginCaller/]: Registering search ingredient aliases took 11.41 milliseconds
[09Dez.2025 13:21:50.626] [Render thread/INFO] [mezz.jei.library.load.PluginCaller/]: Registering Mod Info...
[09Dez.2025 13:21:50.627] [Render thread/INFO] [mezz.jei.library.load.PluginCaller/]: Registering Mod Info took 581.0 microseconds
[09Dez.2025 13:21:50.637] [Render thread/INFO] [mezz.jei.library.load.PluginCaller/]: Registering categories...
[09Dez.2025 13:21:50.675] [Render thread/INFO] [mezz.jei.library.load.PluginCallerTimerRunnable/]: Registering categories: mekanism:jei_plugin took 26.41 milliseconds
[09Dez.2025 13:21:50.690] [Render thread/INFO] [mezz.jei.library.load.PluginCaller/]: Registering categories took 51.48 milliseconds
[09Dez.2025 13:21:50.690] [Render thread/INFO] [mezz.jei.library.load.PluginCaller/]: Registering vanilla category extensions...
[09Dez.2025 13:21:50.692] [Render thread/INFO] [mezz.jei.library.load.PluginCaller/]: Registering vanilla category extensions took 1.907 milliseconds
[09Dez.2025 13:21:50.693] [Render thread/INFO] [mezz.jei.library.load.PluginCaller/]: Registering recipe catalysts...
[09Dez.2025 13:21:50.695] [Render thread/INFO] [mezz.jei.library.load.PluginCaller/]: Registering recipe catalysts took 1.729 milliseconds
[09Dez.2025 13:21:50.695] [Render thread/INFO] [mezz.jei.core.util.LoggedTimer/]: Building recipe registry...
[09Dez.2025 13:21:50.707] [Render thread/INFO] [mezz.jei.core.util.LoggedTimer/]: Building recipe registry took 11.97 milliseconds
[09Dez.2025 13:21:50.708] [Render thread/INFO] [mezz.jei.library.load.PluginCaller/]: Registering advanced plugins...
[09Dez.2025 13:21:50.709] [Render thread/INFO] [mezz.jei.library.load.PluginCaller/]: Registering advanced plugins took 625.8 microseconds
[09Dez.2025 13:21:50.709] [Render thread/INFO] [mezz.jei.library.load.PluginCaller/]: Registering recipes...
[09Dez.2025 13:21:50.854] [Render thread/INFO] [mezz.jei.library.load.PluginCallerTimerRunnable/]: Registering recipes: jei:minecraft took 143.9 milliseconds
[09Dez.2025 13:21:50.906] [Render thread/INFO] [mezz.jei.library.load.PluginCallerTimerRunnable/]: Registering recipes: domum_ornamentum:domum_ornamentum took 51.84 milliseconds
[09Dez.2025 13:21:50.946] [Render thread/INFO] [mezz.jei.library.load.PluginCallerTimerRunnable/]: Registering recipes: mekanism:jei_plugin took 40.00 milliseconds
[09Dez.2025 13:21:51.022] [Render thread/INFO] [mezz.jei.library.load.PluginCallerTimerRunnable/]: Registering recipes: jei:internal took 65.60 milliseconds
[09Dez.2025 13:21:51.022] [Render thread/INFO] [mezz.jei.library.load.PluginCaller/]: Registering recipes took 312.7 milliseconds
[09Dez.2025 13:21:51.027] [Render thread/INFO] [mezz.jei.library.load.PluginCaller/]: Registering recipes transfer handlers...
[09Dez.2025 13:21:51.031] [Render thread/INFO] [mezz.jei.library.load.PluginCaller/]: Registering recipes transfer handlers took 3.729 milliseconds
[09Dez.2025 13:21:51.036] [Render thread/INFO] [mezz.jei.core.util.LoggedTimer/]: Building runtime...
[09Dez.2025 13:21:51.039] [Render thread/INFO] [mezz.jei.library.load.PluginCaller/]: Registering gui handlers...
[09Dez.2025 13:21:51.047] [Render thread/INFO] [mezz.jei.library.load.PluginCaller/]: Registering gui handlers took 7.488 milliseconds
[09Dez.2025 13:21:51.049] [Render thread/INFO] [mezz.jei.library.load.PluginCaller/]: Registering Runtime...
[09Dez.2025 13:21:51.050] [Render thread/INFO] [mezz.jei.gui.startup.JeiGuiStarter/]: Starting JEI GUI
[09Dez.2025 13:21:51.050] [Render thread/INFO] [mezz.jei.core.util.LoggedTimer/]: Building ingredient list...
[09Dez.2025 13:21:51.084] [Render thread/INFO] [mezz.jei.core.util.LoggedTimer/]: Building ingredient list took 33.64 milliseconds
[09Dez.2025 13:21:51.084] [Render thread/INFO] [mezz.jei.core.util.LoggedTimer/]: Building ingredient filter...
[09Dez.2025 13:21:51.105] [Render thread/INFO] [mezz.jei.gui.ingredients.IngredientFilter/]: Adding 3110 ingredients
[09Dez.2025 13:21:51.446] [Render thread/INFO] [mezz.jei.gui.ingredients.IngredientFilter/]: Added 3110 ingredients
[09Dez.2025 13:21:51.446] [Render thread/INFO] [mezz.jei.core.util.LoggedTimer/]: Building ingredient filter took 362.6 milliseconds
[09Dez.2025 13:21:51.492] [Render thread/INFO] [mezz.jei.library.load.PluginCallerTimerRunnable/]: Registering Runtime: jei:neoforge_gui took 443.7 milliseconds
[09Dez.2025 13:21:51.493] [Render thread/INFO] [mezz.jei.library.load.PluginCaller/]: Registering Runtime took 444.3 milliseconds
[09Dez.2025 13:21:51.493] [Render thread/INFO] [mezz.jei.core.util.LoggedTimer/]: Building runtime took 457.3 milliseconds
[09Dez.2025 13:21:51.493] [Render thread/INFO] [mezz.jei.library.load.PluginCaller/]: Sending Runtime...
[09Dez.2025 13:21:51.494] [Render thread/INFO] [mezz.jei.library.load.PluginCaller/]: Sending Runtime took 512.5 microseconds
[09Dez.2025 13:21:51.494] [Render thread/INFO] [mezz.jei.core.util.LoggedTimer/]: Starting JEI took 955.9 milliseconds
[09Dez.2025 13:21:51.525] [Render thread/INFO] [minecolonies/]: Finished discovering Ores 29 30
[09Dez.2025 13:21:51.525] [Render thread/INFO] [minecolonies/]: Finished discovering saplings 14
[09Dez.2025 13:21:51.525] [Render thread/INFO] [minecolonies/]: Finished discovering plantables 19
[09Dez.2025 13:21:51.525] [Render thread/INFO] [minecolonies/]: Finished discovering food 108 122
[09Dez.2025 13:21:51.525] [Render thread/INFO] [minecolonies/]: Finished discovering fuel 252
[09Dez.2025 13:21:51.525] [Render thread/INFO] [minecolonies/]: Finished discovering flowers 26
[09Dez.2025 13:21:51.525] [Render thread/INFO] [minecolonies/]: Finished discovering items 2772
[09Dez.2025 13:21:51.528] [Render thread/INFO] [minecolonies/]: Synchronized 28 saplings
[09Dez.2025 13:21:51.528] [Render thread/INFO] [minecolonies/]: Synchronized 29 ore blocks with 30 smeltable ores
[09Dez.2025 13:21:51.528] [Render thread/INFO] [minecolonies/]: Synchronized 19 plantables
[09Dez.2025 13:21:51.528] [Render thread/INFO] [minecolonies/]: Synchronized 26 flowers
[09Dez.2025 13:21:51.528] [Render thread/INFO] [minecolonies/]: Synchronized 122 food types with 108 edible
[09Dez.2025 13:21:51.528] [Render thread/INFO] [minecolonies/]: Synchronized 252 fuel types
[09Dez.2025 13:21:51.528] [Render thread/INFO] [minecolonies/]: Synchronized 75 monsters
[09Dez.2025 13:21:51.536] [Render thread/INFO] [minecolonies/]: Loading quests from data
[09Dez.2025 13:21:51.539] [Render thread/INFO] [minecolonies/]: Finished loading quests from data
[09Dez.2025 13:21:51.848] [Render thread/INFO] [net.minecraft.advancements.AdvancementTree/]: Loaded 11 advancements
[09Dez.2025 13:22:03.381] [Server thread/INFO] [net.minecraft.client.server.IntegratedServer/]: Saving and pausing game...
[09Dez.2025 13:22:03.391] [Server thread/INFO] [net.minecraft.server.MinecraftServer/]: Saving chunks for level 'ServerLevel[All The colonists]'/minecraft:overworld
[09Dez.2025 13:22:03.409] [Server thread/INFO] [net.minecraft.server.MinecraftServer/]: Saving chunks for level 'ServerLevel[All The colonists]'/minecraft:the_nether
[09Dez.2025 13:22:03.409] [Server thread/INFO] [net.minecraft.server.MinecraftServer/]: Saving chunks for level 'ServerLevel[All The colonists]'/minecraft:the_end
[09Dez.2025 13:22:03.410] [Server thread/INFO] [net.minecraft.server.MinecraftServer/]: Saving chunks for level 'ServerLevel[All The colonists]'/ae2:spatial_storage
[09Dez.2025 13:22:03.975] [Render thread/INFO] [mezz.jei.library.startup.JeiStarter/]: Stopping JEI
[09Dez.2025 13:22:03.975] [Render thread/INFO] [mezz.jei.library.load.PluginCaller/]: Sending Runtime Unavailable...
[09Dez.2025 13:22:03.976] [Render thread/INFO] [mezz.jei.neoforge.plugins.neoforge.NeoForgeGuiPlugin/]: Stopping JEI GUI
[09Dez.2025 13:22:03.977] [Render thread/INFO] [mezz.jei.library.load.PluginCaller/]: Sending Runtime Unavailable took 1.905 milliseconds
[09Dez.2025 13:22:03.979] [Render thread/INFO] [minecolonies/]: Removed all colony views
[09Dez.2025 13:22:03.992] [Server thread/INFO] [net.minecraft.server.network.ServerGamePacketListenerImpl/]: Dev lost connection: Disconnected
[09Dez.2025 13:22:03.992] [Server thread/INFO] [net.minecraft.server.MinecraftServer/]: Dev left the game
[09Dez.2025 13:22:03.999] [Server thread/INFO] [net.minecraft.server.network.ServerCommonPacketListenerImpl/]: Stopping singleplayer server as player logged out
[09Dez.2025 13:22:04.032] [Server thread/INFO] [net.minecraft.server.MinecraftServer/]: Stopping server
[09Dez.2025 13:22:04.032] [Server thread/INFO] [net.minecraft.server.MinecraftServer/]: Saving players
[09Dez.2025 13:22:04.032] [Server thread/INFO] [net.minecraft.server.MinecraftServer/]: Saving worlds
[09Dez.2025 13:22:04.302] [Server thread/INFO] [net.minecraft.server.MinecraftServer/]: Saving chunks for level 'ServerLevel[All The colonists]'/minecraft:overworld
[09Dez.2025 13:22:04.419] [Server thread/INFO] [net.minecraft.server.MinecraftServer/]: Saving chunks for level 'ServerLevel[All The colonists]'/minecraft:the_nether
[09Dez.2025 13:22:04.424] [Server thread/INFO] [net.minecraft.server.MinecraftServer/]: Saving chunks for level 'ServerLevel[All The colonists]'/minecraft:the_end
[09Dez.2025 13:22:04.430] [Server thread/INFO] [net.minecraft.server.MinecraftServer/]: Saving chunks for level 'ServerLevel[All The colonists]'/ae2:spatial_storage
[09Dez.2025 13:22:04.440] [Server thread/INFO] [net.minecraft.server.MinecraftServer/]: ThreadedAnvilChunkStorage (All The colonists): All chunks are saved
[09Dez.2025 13:22:04.440] [Server thread/INFO] [net.minecraft.server.MinecraftServer/]: ThreadedAnvilChunkStorage (DIM-1): All chunks are saved
[09Dez.2025 13:22:04.440] [Server thread/INFO] [net.minecraft.server.MinecraftServer/]: ThreadedAnvilChunkStorage (DIM1): All chunks are saved
[09Dez.2025 13:22:04.440] [Server thread/INFO] [net.minecraft.server.MinecraftServer/]: ThreadedAnvilChunkStorage (spatial_storage): All chunks are saved
[09Dez.2025 13:22:04.440] [Server thread/INFO] [net.minecraft.server.MinecraftServer/]: ThreadedAnvilChunkStorage: All dimensions are saved
[09Dez.2025 13:22:04.547] [Render thread/WARN] [structurize/]: Client logged off. Resetting Pack Meta and Reloading State
[09Dez.2025 13:22:04.548] [Structurize IO Worker #1/INFO] [structurize/]: Registered structure pack: Jungle Treehouse
[09Dez.2025 13:22:04.548] [Structurize IO Worker #1/INFO] [structurize/]: Registered structure pack: Ancient Athens
[09Dez.2025 13:22:04.548] [Structurize IO Worker #1/INFO] [structurize/]: Registered structure pack: Cavern
[09Dez.2025 13:22:04.548] [Structurize IO Worker #1/INFO] [structurize/]: Registered structure pack: Shire
[09Dez.2025 13:22:04.548] [Structurize IO Worker #1/INFO] [structurize/]: Registered structure pack: Medieval Spruce
[09Dez.2025 13:22:04.548] [Structurize IO Worker #1/INFO] [structurize/]: Registered structure pack: Nordic Spruce
[09Dez.2025 13:22:04.548] [Structurize IO Worker #1/INFO] [structurize/]: Registered structure pack: Urban Savanna
[09Dez.2025 13:22:04.548] [Structurize IO Worker #1/INFO] [structurize/]: Registered structure pack: Space Wars
[09Dez.2025 13:22:04.548] [Structurize IO Worker #1/INFO] [structurize/]: Registered structure pack: Minecolonies Original
[09Dez.2025 13:22:04.548] [Structurize IO Worker #1/INFO] [structurize/]: Registered structure pack: Caledonia
[09Dez.2025 13:22:04.549] [Structurize IO Worker #1/INFO] [structurize/]: Registered structure pack: Medieval Birch
[09Dez.2025 13:22:04.549] [Structurize IO Worker #1/INFO] [structurize/]: Registered structure pack: Fortress
[09Dez.2025 13:22:04.549] [Structurize IO Worker #1/INFO] [structurize/]: Registered structure pack: Urban Birch
[09Dez.2025 13:22:04.549] [Structurize IO Worker #1/INFO] [structurize/]: Registered structure pack: Desert Oasis
[09Dez.2025 13:22:04.549] [Structurize IO Worker #1/INFO] [structurize/]: Registered structure pack: Colonial
[09Dez.2025 13:22:04.549] [Structurize IO Worker #1/INFO] [structurize/]: Registered structure pack: Dark Oak Treehouse
[09Dez.2025 13:22:04.549] [Structurize IO Worker #1/INFO] [structurize/]: Registered structure pack: Pagoda
[09Dez.2025 13:22:04.549] [Structurize IO Worker #1/INFO] [structurize/]: Registered structure pack: Medieval Dark Oak
[09Dez.2025 13:22:04.549] [Structurize IO Worker #1/INFO] [structurize/]: Registered structure pack: Stalactite Caves
[09Dez.2025 13:22:04.549] [Structurize IO Worker #1/INFO] [structurize/]: Registered structure pack: Warped Netherlands
[09Dez.2025 13:22:04.549] [Structurize IO Worker #1/INFO] [structurize/]: Registered structure pack: Medieval Oak
[09Dez.2025 13:22:04.549] [Structurize IO Worker #1/INFO] [structurize/]: Registered structure pack: Incan
[09Dez.2025 13:22:04.549] [Structurize IO Worker #1/INFO] [structurize/]: Registered structure pack: Lost Mesa City
[09Dez.2025 13:22:04.550] [Structurize IO Worker #1/INFO] [structurize/]: Registered structure pack: Dev
[09Dez.2025 13:22:04.550] [Structurize IO Worker #1/WARN] [structurize/]: Finished discovering Client Structure packs
[09Dez.2025 13:22:06.735] [Render thread/INFO] [net.minecraft.client.Minecraft/]: Stopping!
